TN:
SF:C:/Users/YOMI OLAOYE/Desktop/bam/server/app.js
FNF:0
FNH:0
DA:1,1
DA:6,1
LF:2
LH:2
BRF:0
BRH:0
end_of_record
TN:
SF:C:/Users/YOMI OLAOYE/Desktop/bam/server/server.js
FNF:0
FNH:0
DA:1,1
DA:2,1
DA:3,1
DA:5,1
DA:6,1
DA:8,1
DA:10,1
DA:12,1
LF:8
LH:8
BRDA:6,0,0,1
BRDA:6,0,1,1
BRF:2
BRH:2
end_of_record
TN:
SF:C:/Users/YOMI OLAOYE/Desktop/bam/server/controllers/customerController.js
FN:14,createCustomer
FN:31,(anonymous_1)
FN:31,(anonymous_2)
FN:53,loginCustomer
FN:65,(anonymous_4)
FN:65,(anonymous_5)
FNF:6
FNH:4
FNDA:1,createCustomer
FNDA:0,(anonymous_1)
FNDA:1,(anonymous_2)
FNDA:1,loginCustomer
FNDA:0,(anonymous_4)
FNDA:1,(anonymous_5)
DA:1,1
DA:15,1
DA:16,0
DA:20,1
DA:21,0
DA:25,1
DA:26,0
DA:30,1
DA:31,1
DA:32,1
DA:33,0
DA:37,1
DA:44,1
DA:45,1
DA:54,1
DA:55,0
DA:59,1
DA:60,0
DA:64,1
DA:65,1
DA:66,1
DA:67,1
DA:71,0
LF:23
LH:16
BRDA:15,0,0,0
BRDA:15,0,1,1
BRDA:20,1,0,0
BRDA:20,1,1,1
BRDA:25,2,0,0
BRDA:25,2,1,1
BRDA:31,3,0,1
BRDA:31,3,1,1
BRDA:32,4,0,0
BRDA:32,4,1,1
BRDA:54,5,0,0
BRDA:54,5,1,1
BRDA:59,6,0,0
BRDA:59,6,1,1
BRDA:65,7,0,1
BRDA:65,7,1,1
BRDA:66,8,0,1
BRDA:66,8,1,0
BRF:18
BRH:11
end_of_record
TN:
SF:C:/Users/YOMI OLAOYE/Desktop/bam/server/controllers/mealsController.js
FN:20,allMeals
FN:28,getMealById
FN:29,(anonymous_2)
FN:37,addAMeal
FN:53,(anonymous_4)
FN:68,updateAMeal
FN:69,(anonymous_6)
FN:99,deleteMeal
FN:100,(anonymous_8)
FNF:9
FNH:9
FNDA:7,allMeals
FNDA:1,getMealById
FNDA:2,(anonymous_2)
FNDA:4,addAMeal
FNDA:2,(anonymous_4)
FNDA:4,updateAMeal
FNDA:8,(anonymous_6)
FNDA:2,deleteMeal
FNDA:4,(anonymous_8)
DA:1,1
DA:22,7
DA:29,2
DA:30,1
DA:31,0
DA:32,0
DA:34,1
DA:38,4
DA:39,1
DA:43,3
DA:44,1
DA:48,2
DA:49,1
DA:53,2
DA:54,1
DA:55,0
DA:57,1
DA:64,1
DA:65,1
DA:69,8
DA:70,4
DA:71,0
DA:75,4
DA:76,1
DA:80,3
DA:81,1
DA:85,2
DA:86,1
DA:90,1
DA:91,1
DA:92,1
DA:93,1
DA:100,4
DA:101,2
DA:102,1
DA:106,1
DA:107,1
DA:108,1
LF:38
LH:34
BRDA:30,0,0,0
BRDA:30,0,1,1
BRDA:38,1,0,1
BRDA:38,1,1,3
BRDA:38,2,0,4
BRDA:38,2,1,3
BRDA:43,3,0,1
BRDA:43,3,1,2
BRDA:48,4,0,1
BRDA:48,4,1,1
BRDA:54,5,0,0
BRDA:54,5,1,1
BRDA:70,6,0,0
BRDA:70,6,1,4
BRDA:75,7,0,1
BRDA:75,7,1,3
BRDA:75,8,0,4
BRDA:75,8,1,3
BRDA:80,9,0,1
BRDA:80,9,1,2
BRDA:85,10,0,1
BRDA:85,10,1,1
BRDA:101,11,0,1
BRDA:101,11,1,1
BRF:24
BRH:21
end_of_record
TN:
SF:C:/Users/YOMI OLAOYE/Desktop/bam/server/controllers/menuController.js
FN:21,allMenu
FN:28,menuForTheDay
FN:29,(anonymous_2)
FN:41,addToMenu
FN:48,(anonymous_4)
FN:48,(anonymous_5)
FNF:6
FNH:5
FNDA:1,allMenu
FNDA:2,menuForTheDay
FNDA:3,(anonymous_2)
FNDA:3,addToMenu
FNDA:0,(anonymous_4)
FNDA:5,(anonymous_5)
DA:1,1
DA:22,1
DA:29,3
DA:30,2
DA:31,1
DA:35,1
DA:42,3
DA:43,1
DA:47,2
DA:48,5
DA:49,2
DA:50,1
DA:54,1
DA:61,1
DA:62,1
LF:15
LH:15
BRDA:30,0,0,1
BRDA:30,0,1,1
BRDA:42,1,0,1
BRDA:42,1,1,2
BRDA:48,2,0,2
BRDA:48,2,1,2
BRDA:49,3,0,1
BRDA:49,3,1,1
BRF:8
BRH:8
end_of_record
TN:
SF:C:/Users/YOMI OLAOYE/Desktop/bam/server/controllers/ordersController.js
FN:34,allOrders
FN:41,updateOrder
FN:42,(anonymous_2)
FN:56,addOrder
FNF:4
FNH:4
FNDA:3,allOrders
FNDA:2,updateOrder
FNDA:3,(anonymous_2)
FNDA:2,addOrder
DA:1,1
DA:35,3
DA:42,3
DA:43,2
DA:44,1
DA:48,1
DA:49,1
DA:50,1
DA:57,2
DA:58,1
DA:62,1
DA:75,1
DA:76,1
LF:13
LH:13
BRDA:43,0,0,1
BRDA:43,0,1,1
BRDA:57,1,0,1
BRDA:57,1,1,1
BRF:4
BRH:4
end_of_record
TN:
SF:C:/Users/YOMI OLAOYE/Desktop/bam/server/controllers/vendorController.js
FN:14,createVendor
FN:36,(anonymous_1)
FN:36,(anonymous_2)
FN:59,loginVendor
FN:71,(anonymous_4)
FN:71,(anonymous_5)
FNF:6
FNH:4
FNDA:1,createVendor
FNDA:0,(anonymous_1)
FNDA:1,(anonymous_2)
FNDA:1,loginVendor
FNDA:0,(anonymous_4)
FNDA:1,(anonymous_5)
DA:1,1
DA:15,1
DA:16,0
DA:20,1
DA:21,0
DA:25,1
DA:26,0
DA:30,1
DA:31,0
DA:35,1
DA:36,1
DA:37,1
DA:38,0
DA:42,1
DA:50,1
DA:51,1
DA:60,1
DA:61,0
DA:65,1
DA:66,0
DA:70,1
DA:71,1
DA:72,1
DA:73,1
DA:77,0
LF:25
LH:17
BRDA:15,0,0,0
BRDA:15,0,1,1
BRDA:20,1,0,0
BRDA:20,1,1,1
BRDA:25,2,0,0
BRDA:25,2,1,1
BRDA:30,3,0,0
BRDA:30,3,1,1
BRDA:36,4,0,1
BRDA:36,4,1,1
BRDA:37,5,0,0
BRDA:37,5,1,1
BRDA:60,6,0,0
BRDA:60,6,1,1
BRDA:65,7,0,0
BRDA:65,7,1,1
BRDA:71,8,0,1
BRDA:71,8,1,1
BRDA:72,9,0,1
BRDA:72,9,1,0
BRF:20
BRH:12
end_of_record
TN:
SF:C:/Users/YOMI OLAOYE/Desktop/bam/server/routes/index.js
FNF:0
FNH:0
DA:1,1
DA:3,1
DA:5,1
DA:6,1
DA:7,1
DA:8,1
DA:9,1
DA:12,1
DA:13,1
DA:14,1
DA:15,1
DA:16,1
DA:19,1
DA:20,1
DA:21,1
DA:24,1
DA:25,1
DA:26,1
DA:29,1
DA:30,1
DA:34,1
DA:35,1
DA:38,1
LF:23
LH:23
BRF:0
BRH:0
end_of_record
